TN:
SF:D:\yy_htdocs\vue-template.zengfukun.com\src\store\index.js
FN:11,MESSAGE
FNF:1
FNH:1
FNDA:2,MESSAGE
DA:0,1
DA:11,2
LF:2
LH:2
BRDA:12,1,0,2
BRDA:12,1,1,0
BRF:2
BRH:1
end_of_record
TN:
SF:D:\yy_htdocs\vue-template.zengfukun.com\src\components\title.vue
FN:8,mounted
FNF:1
FNH:1
FNDA:3,mounted
DA:0,1
DA:9,3
LF:2
LH:2
BRF:0
BRH:0
end_of_record
TN:
SF:D:\yy_htdocs\vue-template.zengfukun.com\src\views\hello.vue
FN:21,_interopRequireDefault
FN:24,data
FN:32,getContent
FN:35,_callee
FN:37,_callee$
FN:61,mounted
FNF:6
FNH:6
FNDA:3,_interopRequireDefault
FNDA:1,data
FNDA:1,getContent
FNDA:1,_callee
FNDA:2,_callee$
FNDA:1,mounted
DA:0,3
DA:12,1
DA:13,1
DA:17,1
DA:23,2
DA:24,0
DA:25,0
DA:29,1
DA:30,1
LF:9
LH:7
BRDA:21,1,0,1
BRDA:21,1,1,2
BRDA:21,2,0,3
BRDA:21,2,1,3
BRDA:39,3,0,1
BRDA:39,3,1,0
BRDA:39,3,2,0
BRDA:39,3,3,0
BRDA:39,3,4,1
BRF:9
BRH:6
end_of_record
TN:
SF:D:\yy_htdocs\vue-template.zengfukun.com\src\views\notfound.vue
FN:13,_interopRequireDefault
FN:16,data
FN:23,mounted
FNF:3
FNH:3
FNDA:1,_interopRequireDefault
FNDA:1,data
FNDA:1,mounted
DA:0,1
DA:9,1
DA:10,1
DA:14,1
DA:22,1
LF:5
LH:5
BRDA:13,1,0,0
BRDA:13,1,1,1
BRDA:13,2,0,1
BRDA:13,2,1,1
BRF:4
BRH:4
end_of_record
TN:
SF:D:\yy_htdocs\vue-template.zengfukun.com\src\routes\index.js
FN:7,Hello
FN:10,NotFound
FN:16,(anonymous_3)
FNF:3
FNH:1
FNDA:0,Hello
FNDA:0,NotFound
FNDA:2,(anonymous_3)
DA:0,1
DA:5,1
DA:6,1
DA:9,1
DA:12,1
DA:16,2
DA:17,2
DA:21,1
LF:8
LH:8
BRF:0
BRH:0
end_of_record
